GET /api/v1/on-covid-19/logs 200 10 ms
GET /api/v1/on-covid-19/logs 500 80 ms
GET /api/v1/on-covid-19/logs 200 8 ms
GET /api/v1/on-covid-19/logs 200 10 ms
GET /api/v1/on-covid-19/logs 200 1 ms
GET /api/v1/on-covid-19/logs 200 0 ms
GET /api/v1/on-covid-19/logs 200 9 ms
GET /api/v1/on-covid-19/logs 500 69 ms
GET /api/v1/on-covid-19/logs 200 11 ms
GET /api/v1/on-covid-19/logs 200 0 ms
GET /api/v1/on-covid-19/logs 200 7 ms
GET /api/v1/on-covid-19/logs 200 0 ms
GET /api/v1/on-covid-19/logs 200 13 ms
GET /api/v1/on-covid-19/logs 200 1 ms
GET /api/v1/on-covid-19/logs 200 8 ms
GET /api/v1/on-covid-19/logs 500 72 ms
GET /api/v1/on-covid-19/logs 200 6 ms
GET /api/v1/on-covid-19/logs 200 0 ms
GET /t/t /api/v1/on-covid-19/logs /t/t 200 /t/t 8 ms
GET/t/t /api/v1/on-covid-19/logs/t/t 200 /t/t 4 ms
GET/t /api/v1/on-covid-19/logs/t 200 /t 8 ms
GET/t /api/v1/on-covid-19/logs/t 200 /t 3 ms
GET	 /api/v1/on-covid-19/logs	 200 	 6 ms
GET	 /api/v1/on-covid-19/logs	 200 	 0 ms
GET	 /api/v1/on-covid-19/logs	 200 	 0 ms
GET	 	 	 /api/v1/on-covid-19/logs	 	 	 200 	 	 	 5 ms
GET	 	 	 /api/v1/on-covid-19/logs	 	 	 200 	 	 	 0 ms
GET	 	 	 /api/v1/on-covid-19/logs	 	 	 200 	 	 	 0 ms
GET	 	 	 /api/v1/on-covid-19/logs	 	 	 200 	 	 	 0 ms
POST /api/v1/on-covid-19/xml 200 18 ms
POST /api/v1/on-covid-19/xml 200 17 ms
POST /api/v1/on-covid-19/xml 200 0 ms
POST /api/v1/on-covid-19/xml 200 3 ms
POST /api/v1/on-covid-19/xmlss 200 0 ms
POST /api/v1/on-covid-19/xmlss..%20s 200 1 ms
POST /api/v1/on-covid-19/xmlss..%20s 200 27 ms
POST /api/v1/on-covid-19/xmlss..%20s 200 14 ms
POST /api/v1/on-covid-19/xmlss..%20s 200 28 ms
POST /api/v1/on-covid-19/xmlss..%20s 200 12 ms
POST /api/v1/on-covid-19/xmlss..%20s 500 73 ms
POST /api/v1/on-covid-19/xmlss..%20s 200 22 ms
POST /api/v1/on-covid-19/xmlss..%20s 200 27 ms
POST /api/v1/on-covid-19/xmlss..%20s 200 12 ms
POST /api/v1/on-covid-19/xmlss..%20s 200 16 ms
POST /api/v1/on-covid-19/xml 500 3 ms
POST /api/v1/on-covid-19/xml 500 19 ms
POST /api/v1/on-covid-19/xml 500 15 ms
POST /api/v1/on-covid-19/json 200 24 ms
POST /api/v1/on-covid-19/xml 500 1 ms
POST /api/v1/on-covid-19/xml 500 20 ms
POST /api/v1/on-covid-19/xml 500 17 ms
POST /api/v1/on-covid-19/xml 500 80 ms
POST /api/v1/on-covid-19/xml 500 13 ms
